<?xml version="1.0" encoding="UTF-8"?>
<testsuite xmlns:xsi="http://www.w3.org/2001/XMLSchema-instance" xsi:noNamespaceSchemaLocation="https://maven.apache.org/surefire/maven-surefire-plugin/xsd/surefire-test-report-3.0.xsd" version="3.0" name="com.example.demo.Services.AlumnoServiceTest" time="0.145" tests="6" errors="0" skipped="0" failures="0">
  <properties>
[...]
</properties>
  <testcase name="testGetAlumnoByRut" classname="com.example.demo.Services.AlumnoServiceTest" time="0.129"/>
  <testcase name="calcularMontoCuota_ReturnsCorrectValueForMunicipal" classname="com.example.demo.Services.AlumnoServiceTest" time="0.001"/>
  <testcase name="updateAlumno_ReturnsNullWhenAlumnoDoesNotExist" classname="com.example.demo.Services.AlumnoServiceTest" time="0.002"/>
  <testcase name="testGetAlumnoByRutNotFound" classname="com.example.demo.Services.AlumnoServiceTest" time="0"/>
  <testcase name="testSaveAlumno" classname="com.example.demo.Services.AlumnoServiceTest" time="0.002"/>
  <testcase name="testGetAllAlumnos" classname="com.example.demo.Services.AlumnoServiceTest" time="0.001"/>
</testsuite>