<?xml version="1.0" encoding="UTF-8"?>
<testsuite xmlns:xsi="http://www.w3.org/2001/XMLSchema-instance" xsi:noNamespaceSchemaLocation="https://maven.apache.org/surefire/maven-surefire-plugin/xsd/surefire-test-report-3.0.xsd" version="3.0" name="com.example.demo.DemoApplicationTests" time="6.69" tests="1" errors="0" skipped="0" failures="0">
  <properties>
[...]
</properties>
  <testcase name="contextLoads" classname="com.example.demo.DemoApplicationTests" time="0.397">
    <system-out><![CDATA[21:55:35.820 [main] INFO org.springframework.test.context.support.AnnotationConfigContextLoaderUtils -- Could not detect default configuration classes for test class [com.example.demo.DemoApplicationTests]: DemoApplicationTests does not declare any static, non-private, non-final, nested classes annotated with @Configuration.
21:55:35.956 [main] INFO org.springframework.boot.test.context.SpringBootTestContextBootstrapper -- Found @SpringBootConfiguration com.example.demo.DemoApplication for test class com.example.demo.DemoApplicationTests

  .   ____          _            __ _ _
 /\\ / ___'_ __ _ _(_)_ __  __ _ \ \ \ \
( ( )\___ | '_ | '_| | '_ \/ _` | \ \ \ \
 \\/  ___)| |_)| | | | | || (_| |  ) ) ) )
  '  |____| .__|_| |_|_| |_\__, | / / / /
 =========|_|==============|___/=/_/_/_/
 :: Spring Boot ::                (v3.1.1)

2023-10-18T21:55:36.592-03:00  INFO 8688 --- [           main] com.example.demo.DemoApplicationTests    : Starting DemoApplicationTests using Java 17.0.8 with PID 8688 (started by pc in C:\Users\pc\OneDrive\Escritorio\backend-fingeso-main\demo)
2023-10-18T21:55:36.594-03:00  INFO 8688 --- [           main] com.example.demo.DemoApplicationTests    : No active profile set, falling back to 1 default profile: "default"
2023-10-18T21:55:37.411-03:00  INFO 8688 --- [           main] .s.d.r.c.RepositoryConfigurationDelegate : Bootstrapping Spring Data JPA repositories in DEFAULT mode.
2023-10-18T21:55:37.502-03:00  INFO 8688 --- [           main] .s.d.r.c.RepositoryConfigurationDelegate : Finished Spring Data repository scanning in 77 ms. Found 3 JPA repository interfaces.
2023-10-18T21:55:38.210-03:00  INFO 8688 --- [           main] o.hibernate.jpa.internal.util.LogHelper  : HHH000204: Processing PersistenceUnitInfo [name: default]
2023-10-18T21:55:38.297-03:00  INFO 8688 --- [           main] org.hibernate.Version                    : HHH000412: Hibernate ORM core version 6.2.5.Final
2023-10-18T21:55:38.300-03:00  INFO 8688 --- [           main] org.hibernate.cfg.Environment            : HHH000406: Using bytecode reflection optimizer
2023-10-18T21:55:38.532-03:00  INFO 8688 --- [           main] o.h.b.i.BytecodeProviderInitiator        : HHH000021: Bytecode provider name : bytebuddy
2023-10-18T21:55:38.700-03:00  INFO 8688 --- [           main] o.s.o.j.p.SpringPersistenceUnitInfo      : No LoadTimeWeaver setup: ignoring JPA class transformer
2023-10-18T21:55:38.715-03:00  INFO 8688 --- [           main] com.zaxxer.hikari.HikariDataSource       : HikariPool-1 - Starting...
2023-10-18T21:55:39.032-03:00  INFO 8688 --- [           main] com.zaxxer.hikari.pool.HikariPool        : HikariPool-1 - Added connection org.postgresql.jdbc.PgConnection@18cf5c52
2023-10-18T21:55:39.034-03:00  INFO 8688 --- [           main] com.zaxxer.hikari.HikariDataSource       : HikariPool-1 - Start completed.
2023-10-18T21:55:39.399-03:00  INFO 8688 --- [           main] o.h.b.i.BytecodeProviderInitiator        : HHH000021: Bytecode provider name : bytebuddy
2023-10-18T21:55:40.117-03:00  INFO 8688 --- [           main] o.h.e.t.j.p.i.JtaPlatformInitiator       : HHH000490: Using JtaPlatform implementation: [org.hibernate.engine.transaction.jta.platform.internal.NoJtaPlatform]
Hibernate: alter table if exists cuota drop constraint if exists FKdtv4kvh0e04lx4lu22hhl61lo
2023-10-18T21:55:40.139-03:00  WARN 8688 --- [           main] o.h.engine.jdbc.spi.SqlExceptionHelper   : SQL Warning Code: 0, SQLState: 00000
2023-10-18T21:55:40.139-03:00  WARN 8688 --- [           main] o.h.engine.jdbc.spi.SqlExceptionHelper   : no existe la relación «cuota», omitiendo
Hibernate: alter table if exists examen drop constraint if exists FKbm4epthn6selw15ohs5k7dku5
2023-10-18T21:55:40.140-03:00  WARN 8688 --- [           main] o.h.engine.jdbc.spi.SqlExceptionHelper   : SQL Warning Code: 0, SQLState: 00000
2023-10-18T21:55:40.140-03:00  WARN 8688 --- [           main] o.h.engine.jdbc.spi.SqlExceptionHelper   : no existe la relación «examen», omitiendo
Hibernate: drop table if exists alumno cascade
2023-10-18T21:55:40.142-03:00  WARN 8688 --- [           main] o.h.engine.jdbc.spi.SqlExceptionHelper   : SQL Warning Code: 0, SQLState: 00000
2023-10-18T21:55:40.142-03:00  WARN 8688 --- [           main] o.h.engine.jdbc.spi.SqlExceptionHelper   : la tabla «alumno» no existe, omitiendo
Hibernate: drop table if exists cuota cascade
2023-10-18T21:55:40.143-03:00  WARN 8688 --- [           main] o.h.engine.jdbc.spi.SqlExceptionHelper   : SQL Warning Code: 0, SQLState: 00000
2023-10-18T21:55:40.143-03:00  WARN 8688 --- [           main] o.h.engine.jdbc.spi.SqlExceptionHelper   : la tabla «cuota» no existe, omitiendo
Hibernate: drop table if exists examen cascade
2023-10-18T21:55:40.144-03:00  WARN 8688 --- [           main] o.h.engine.jdbc.spi.SqlExceptionHelper   : SQL Warning Code: 0, SQLState: 00000
2023-10-18T21:55:40.145-03:00  WARN 8688 --- [           main] o.h.engine.jdbc.spi.SqlExceptionHelper   : la tabla «examen» no existe, omitiendo
Hibernate: create table alumno (arancel_total float(53), cantidad_cuotas integer, fecha_nacimiento date, promedio_de_pruebas float(53), apellido varchar(255), fecha_egreso_colegio varchar(255) not null, nombre varchar(255), nombre_colegio varchar(255), rut varchar(255) not null, tipo_colegio varchar(255), primary key (rut))
Hibernate: create table cuota (fecha_pago date, fecha_vencimiento date, meses_atraso integer not null, monto_cuota float(53) not null, id_cuota bigserial not null, estado_cuota varchar(255), rut_alumno varchar(255), primary key (id_cuota))
Hibernate: create table examen (fecha_examen date, nota float(53), id_examen bigserial not null, materia varchar(255), rut_alumno varchar(255) not null, primary key (id_examen))
Hibernate: alter table if exists cuota add constraint FKdtv4kvh0e04lx4lu22hhl61lo foreign key (rut_alumno) references alumno
Hibernate: alter table if exists examen add constraint FKbm4epthn6selw15ohs5k7dku5 foreign key (rut_alumno) references alumno
2023-10-18T21:55:40.229-03:00  INFO 8688 --- [           main] j.LocalContainerEntityManagerFactoryBean : Initialized JPA EntityManagerFactory for persistence unit 'default'
2023-10-18T21:55:41.279-03:00  WARN 8688 --- [           main] JpaBaseConfiguration$JpaWebConfiguration : spring.jpa.open-in-view is enabled by default. Therefore, database queries may be performed during view rendering. Explicitly configure spring.jpa.open-in-view to disable this warning
2023-10-18T21:55:41.522-03:00  INFO 8688 --- [           main] o.s.b.a.w.s.WelcomePageHandlerMapping    : Adding welcome page template: index
2023-10-18T21:55:41.857-03:00  INFO 8688 --- [           main] com.example.demo.DemoApplicationTests    : Started DemoApplicationTests in 5.658 seconds (process running for 6.975)
]]></system-out>
  </testcase>
</testsuite>